<?xml version="1.0" encoding="UTF-8"?>
<!-- Generated by org.testng.reporters.JUnitReportReporter -->
<testsuite hostname="MSI" failures="0" tests="1" name="com.google.qa.FirstTest" time="1.912" errors="0" timestamp="14 ene. 2023 17:58:22 GMT" skipped="0">
  <testcase classname="com.google.qa.FirstTest" name="f" time="1.912"/>
</testsuite> <!-- com.google.qa.FirstTest -->
